  Camera.cpp
  ColourRGB.cpp
  DirectionalLight.cpp
  Ellipsoid.cpp
D:\Github\RayTracer\018_RayTracer_Refraction\source\Ellipsoid.cpp(42,12): warning C4244: 'initializing': conversion from 'double' to 'float', possible loss of data
D:\Github\RayTracer\018_RayTracer_Refraction\source\Ellipsoid.cpp(43,12): warning C4244: 'initializing': conversion from 'double' to 'float', possible loss of data
  Light.cpp
  main.cpp
D:\Github\RayTracer\018_RayTracer_Refraction\include\Scene.h(23,24): warning C4114: same type qualifier used more than once
D:\Github\RayTracer\018_RayTracer_Refraction\source\main.cpp(109,22): warning C4244: 'argument': conversion from 'time_t' to 'const int', possible loss of data
  Material.cpp
  Primitive.cpp
  Scene.cpp
D:\Github\RayTracer\018_RayTracer_Refraction\include\Scene.h(23,24): warning C4114: same type qualifier used more than once
D:\Github\RayTracer\018_RayTracer_Refraction\source\Scene.cpp(54,30): warning C4114: same type qualifier used more than once
  Generating code
  Previous IPDB not found, fall back to full compilation.
D:\Github\RayTracer\004__Static_Library\source\Matrix4.cpp(545): warning C4715: 'Matrix4::Perspective': not all control paths return a value
  All 419 functions were compiled because no usable IPDB/IOBJ from previous compilation was found.
  Finished generating code
  018_RayTracer_Refraction.vcxproj -> D:\Github\RayTracer\x64\Release\018_RayTracer_Refraction.exe
