e:\github\assessment-2-maths-library-and-retro-arcade-game-jackkellett02\018_raytracer_refraction\x64\release\vc142.pdb
e:\github\assessment-2-maths-library-and-retro-arcade-game-jackkellett02\018_raytracer_refraction\x64\release\scene.obj
e:\github\assessment-2-maths-library-and-retro-arcade-game-jackkellett02\018_raytracer_refraction\x64\release\primitive.obj
e:\github\assessment-2-maths-library-and-retro-arcade-game-jackkellett02\018_raytracer_refraction\x64\release\material.obj
e:\github\assessment-2-maths-library-and-retro-arcade-game-jackkellett02\018_raytracer_refraction\x64\release\main.obj
e:\github\assessment-2-maths-library-and-retro-arcade-game-jackkellett02\018_raytracer_refraction\x64\release\light.obj
e:\github\assessment-2-maths-library-and-retro-arcade-game-jackkellett02\018_raytracer_refraction\x64\release\ellipsoid.obj
e:\github\assessment-2-maths-library-and-retro-arcade-game-jackkellett02\018_raytracer_refraction\x64\release\directionallight.obj
e:\github\assessment-2-maths-library-and-retro-arcade-game-jackkellett02\018_raytracer_refraction\x64\release\colourrgb.obj
e:\github\assessment-2-maths-library-and-retro-arcade-game-jackkellett02\018_raytracer_refraction\x64\release\camera.obj
e:\github\assessment-2-maths-library-and-retro-arcade-game-jackkellett02\x64\release\018_raytracer_refraction.exe
e:\github\assessment-2-maths-library-and-retro-arcade-game-jackkellett02\018_raytracer_refraction\x64\release\018_raytracer_refraction.ipdb
e:\github\assessment-2-maths-library-and-retro-arcade-game-jackkellett02\018_raytracer_refraction\x64\release\018_raytracer_refraction.iobj
e:\github\assessment-2-maths-library-and-retro-arcade-game-jackkellett02\x64\release\018_raytracer_refraction.pdb
e:\github\assessment-2-maths-library-and-retro-arcade-game-jackkellett02\018_raytracer_refraction\x64\release\018_rayt.507b33b3.tlog\cl.command.1.tlog
e:\github\assessment-2-maths-library-and-retro-arcade-game-jackkellett02\018_raytracer_refraction\x64\release\018_rayt.507b33b3.tlog\cl.read.1.tlog
e:\github\assessment-2-maths-library-and-retro-arcade-game-jackkellett02\018_raytracer_refraction\x64\release\018_rayt.507b33b3.tlog\cl.write.1.tlog
e:\github\assessment-2-maths-library-and-retro-arcade-game-jackkellett02\018_raytracer_refraction\x64\release\018_rayt.507b33b3.tlog\link.command.1.tlog
e:\github\assessment-2-maths-library-and-retro-arcade-game-jackkellett02\018_raytracer_refraction\x64\release\018_rayt.507b33b3.tlog\link.read.1.tlog
e:\github\assessment-2-maths-library-and-retro-arcade-game-jackkellett02\018_raytracer_refraction\x64\release\018_rayt.507b33b3.tlog\link.write.1.tlog
